<?xml version="1.0" encoding="UTF-8"?>
<!-- Generated by org.testng.reporters.JUnitReportReporter -->
<testsuite hostname="DESKTOP-2BM989P" failures="0" tests="1" name="runner.TestRunner" time="28.456" errors="0" timestamp="2024-08-07T15:26:13 IST" skipped="0">
  <testcase classname="runner.TestRunner" name="runScenario" time="28.456"/>
</testsuite> <!-- runner.TestRunner -->
